<?xml version="1.0" encoding="UTF-8"?>
<testng-results ignored="0" total="1" passed="1" failed="0" skipped="0">
  <reporter-output>
  </reporter-output>
  <suite started-at="2025-07-27T17:05:44 IST" name="Default suite" finished-at="2025-07-27T17:05:47 IST" duration-ms="2566">
    <groups>
    </groups>
    <test started-at="2025-07-27T17:05:44 IST" name="Default test" finished-at="2025-07-27T17:05:47 IST" duration-ms="2566">
      <class name="com.automation.api.tests.CoinGeckoAPITest">
        <test-method signature="testCoinGeckoBitcoinEndpoint()[pri:0, instance:com.automation.api.tests.CoinGeckoAPITest@3527942a]" started-at="2025-07-27T17:05:44 IST" name="testCoinGeckoBitcoinEndpoint" finished-at="2025-07-27T17:05:47 IST" duration-ms="2528" status="PASS">
          <reporter-output>
          </reporter-output>
        </test-method> <!-- testCoinGeckoBitcoinEndpoint -->
      </class> <!-- com.automation.api.tests.CoinGeckoAPITest -->
    </test> <!-- Default test -->
  </suite> <!-- Default suite -->
</testng-results>
